<?xml version="1.0" encoding="UTF-8"?>
<testsuite xmlns:xsi="http://www.w3.org/2001/XMLSchema-instance" xsi:noNamespaceSchemaLocation="https://maven.apache.org/surefire/maven-surefire-plugin/xsd/surefire-test-report.xsd" name="Login Page Feature" time="11.752" tests="4" errors="4" skipped="0" failures="0">
  <properties>
[...]
</properties>
  <testcase name="Login page title" classname="Login Page Feature" time="3.794">
    <error message="Step [user is on login page] is defined with 1 parameters at &apos;stepdefinitions.LoginPageSteps.user_is_on_login_page(io.cucumber.java.Scenario)&apos;.&#10;However, the gherkin step has 0 arguments.&#10;Step text: user is on login page" type="io.cucumber.core.exception.CucumberException">io.cucumber.core.exception.CucumberException: 
Step [user is on login page] is defined with 1 parameters at 'stepdefinitions.LoginPageSteps.user_is_on_login_page(io.cucumber.java.Scenario)'.
However, the gherkin step has 0 arguments.
Step text: user is on login page
</error>
    <system-out><![CDATA[Dec 21, 2020 8:06:23 PM tech.grasshopper.pdf.PDFCucumberReport collectReportConfiguration
INFO: PDF report configuration not found. Using default settings.
????????????????????????????????????????????????????????????????????????????
? View your Cucumber Report at:                                            ?
? https://reports.cucumber.io/reports/f96bc110-6540-4e44-8c75-d7fc44405569 ?
?                                                                          ?
? This report will self-destruct in 24h.                                   ?
? Keep reports forever: https://reports.cucumber.io/profile                ?
????????????????????????????????????????????????????????????????????????????
Scenario: Login page title                  # src/test/resources/com/features/LoginPage.feature:3
browser = chrome
  Given user is on login page               # stepdefinitions.LoginPageSteps.user_is_on_login_page(io.cucumber.java.Scenario)
      io.cucumber.core.exception.CucumberException: Step [user is on login page] is defined with 1 parameters at 'stepdefinitions.LoginPageSteps.user_is_on_login_page(io.cucumber.java.Scenario)'.
However, the gherkin step has 0 arguments.
Step text: user is on login page
	at io.cucumber.core.runner.PickleStepDefinitionMatch.arityMismatch(PickleStepDefinitionMatch.java:83)
	at io.cucumber.core.runner.PickleStepDefinitionMatch.runStep(PickleStepDefinitionMatch.java:42)
	at io.cucumber.core.runner.ExecutionMode$1.execute(ExecutionMode.java:10)
	at io.cucumber.core.runner.TestStep.executeStep(TestStep.java:92)
	at io.cucumber.core.runner.TestStep.run(TestStep.java:64)
	at io.cucumber.core.runner.PickleStepTestStep.run(PickleStepTestStep.java:51)
	at io.cucumber.core.runner.TestCase.run(TestCase.java:104)
	at io.cucumber.core.runner.Runner.runPickle(Runner.java:71)
	at io.cucumber.junit.PickleRunners$NoStepDescriptions.run(PickleRunners.java:151)
	at io.cucumber.junit.FeatureRunner.runChild(FeatureRunner.java:135)
	at io.cucumber.junit.FeatureRunner.runChild(FeatureRunner.java:27)
	at org.junit.runners.ParentRunner$4.run(ParentRunner.java:331)
	at org.junit.runners.ParentRunner$1.schedule(ParentRunner.java:79)
	at org.junit.runners.ParentRunner.runChildren(ParentRunner.java:329)
	at org.junit.runners.ParentRunner.access$100(ParentRunner.java:66)
	at org.junit.runners.ParentRunner$2.evaluate(ParentRunner.java:293)
	at org.junit.runners.ParentRunner$3.evaluate(ParentRunner.java:306)
	at org.junit.runners.ParentRunner.run(ParentRunner.java:413)
	at io.cucumber.junit.Cucumber.runChild(Cucumber.java:199)
	at io.cucumber.junit.Cucumber.runChild(Cucumber.java:90)
	at org.junit.runners.ParentRunner$4.run(ParentRunner.java:331)
	at org.apache.maven.surefire.junitcore.pc.Scheduler$1.run(Scheduler.java:410)
	at java.base/java.util.concurrent.Executors$RunnableAdapter.call(Executors.java:515)
	at java.base/java.util.concurrent.FutureTask.run(FutureTask.java:264)
	at java.base/java.util.concurrent.ThreadPoolExecutor.runWorker(ThreadPoolExecutor.java:1128)
	at java.base/java.util.concurrent.ThreadPoolExecutor$Worker.run(ThreadPoolExecutor.java:628)
	at java.base/java.lang.Thread.run(Thread.java:835)

  When user gets the title of the page      # stepdefinitions.LoginPageSteps.user_gets_the_title_of_the_page()
  Then page title should be "Demo Web Shop" # stepdefinitions.LoginPageSteps.page_title_should_be(java.lang.String)

    Embedding Login_page_title [image/png 8503 bytes]

]]></system-out>
    <system-err><![CDATA[SLF4J: Failed to load class "org.slf4j.impl.StaticLoggerBinder".
SLF4J: Defaulting to no-operation (NOP) logger implementation
SLF4J: See http://www.slf4j.org/codes.html#StaticLoggerBinder for further details.
Starting ChromeDriver 87.0.4280.88 (89e2380a3e36c3464b5dd1302349b1382549290d-refs/branch-heads/4280@{#1761}) on port 6446
Only local connections are allowed.
Please see https://chromedriver.chromium.org/security-considerations for suggestions on keeping ChromeDriver safe.
ChromeDriver was started successfully.
Dec 21, 2020 8:05:55 PM org.openqa.selenium.remote.ProtocolHandshake createSession
INFO: Detected dialect: W3C
]]></system-err>
  </testcase>
  <testcase name="Shop Logo" classname="Login Page Feature" time="2.85">
    <error message="Step [user is on login page] is defined with 1 parameters at &apos;stepdefinitions.LoginPageSteps.user_is_on_login_page(io.cucumber.java.Scenario)&apos;.&#10;However, the gherkin step has 0 arguments.&#10;Step text: user is on login page" type="io.cucumber.core.exception.CucumberException">io.cucumber.core.exception.CucumberException: 
Step [user is on login page] is defined with 1 parameters at 'stepdefinitions.LoginPageSteps.user_is_on_login_page(io.cucumber.java.Scenario)'.
However, the gherkin step has 0 arguments.
Step text: user is on login page
</error>
    <system-out><![CDATA[
Scenario: Shop Logo                  # src/test/resources/com/features/LoginPage.feature:8
browser = chrome
  Given user is on login page        # stepdefinitions.LoginPageSteps.user_is_on_login_page(io.cucumber.java.Scenario)
      io.cucumber.core.exception.CucumberException: Step [user is on login page] is defined with 1 parameters at 'stepdefinitions.LoginPageSteps.user_is_on_login_page(io.cucumber.java.Scenario)'.
However, the gherkin step has 0 arguments.
Step text: user is on login page
	at io.cucumber.core.runner.PickleStepDefinitionMatch.arityMismatch(PickleStepDefinitionMatch.java:83)
	at io.cucumber.core.runner.PickleStepDefinitionMatch.runStep(PickleStepDefinitionMatch.java:42)
	at io.cucumber.core.runner.ExecutionMode$1.execute(ExecutionMode.java:10)
	at io.cucumber.core.runner.TestStep.executeStep(TestStep.java:92)
	at io.cucumber.core.runner.TestStep.run(TestStep.java:64)
	at io.cucumber.core.runner.PickleStepTestStep.run(PickleStepTestStep.java:51)
	at io.cucumber.core.runner.TestCase.run(TestCase.java:104)
	at io.cucumber.core.runner.Runner.runPickle(Runner.java:71)
	at io.cucumber.junit.PickleRunners$NoStepDescriptions.run(PickleRunners.java:151)
	at io.cucumber.junit.FeatureRunner.runChild(FeatureRunner.java:135)
	at io.cucumber.junit.FeatureRunner.runChild(FeatureRunner.java:27)
	at org.junit.runners.ParentRunner$4.run(ParentRunner.java:331)
	at org.junit.runners.ParentRunner$1.schedule(ParentRunner.java:79)
	at org.junit.runners.ParentRunner.runChildren(ParentRunner.java:329)
	at org.junit.runners.ParentRunner.access$100(ParentRunner.java:66)
	at org.junit.runners.ParentRunner$2.evaluate(ParentRunner.java:293)
	at org.junit.runners.ParentRunner$3.evaluate(ParentRunner.java:306)
	at org.junit.runners.ParentRunner.run(ParentRunner.java:413)
	at io.cucumber.junit.Cucumber.runChild(Cucumber.java:199)
	at io.cucumber.junit.Cucumber.runChild(Cucumber.java:90)
	at org.junit.runners.ParentRunner$4.run(ParentRunner.java:331)
	at org.apache.maven.surefire.junitcore.pc.Scheduler$1.run(Scheduler.java:410)
	at java.base/java.util.concurrent.Executors$RunnableAdapter.call(Executors.java:515)
	at java.base/java.util.concurrent.FutureTask.run(FutureTask.java:264)
	at java.base/java.util.concurrent.ThreadPoolExecutor.runWorker(ThreadPoolExecutor.java:1128)
	at java.base/java.util.concurrent.ThreadPoolExecutor$Worker.run(ThreadPoolExecutor.java:628)
	at java.base/java.lang.Thread.run(Thread.java:835)

  Then Shop logo should be displayed # stepdefinitions.LoginPageSteps.shop_logo_should_be_displayed()

    Embedding Shop_Logo [image/png 8503 bytes]

]]></system-out>
    <system-err><![CDATA[Starting ChromeDriver 87.0.4280.88 (89e2380a3e36c3464b5dd1302349b1382549290d-refs/branch-heads/4280@{#1761}) on port 45900
Only local connections are allowed.
Please see https://chromedriver.chromium.org/security-considerations for suggestions on keeping ChromeDriver safe.
ChromeDriver was started successfully.
Dec 21, 2020 8:05:58 PM org.openqa.selenium.remote.ProtocolHandshake createSession
INFO: Detected dialect: W3C
]]></system-err>
  </testcase>
  <testcase name="Menu Items" classname="Login Page Feature" time="2.625">
    <error message="Step [user is on login page] is defined with 1 parameters at &apos;stepdefinitions.LoginPageSteps.user_is_on_login_page(io.cucumber.java.Scenario)&apos;.&#10;However, the gherkin step has 0 arguments.&#10;Step text: user is on login page" type="io.cucumber.core.exception.CucumberException">io.cucumber.core.exception.CucumberException: 
Step [user is on login page] is defined with 1 parameters at 'stepdefinitions.LoginPageSteps.user_is_on_login_page(io.cucumber.java.Scenario)'.
However, the gherkin step has 0 arguments.
Step text: user is on login page
</error>
    <system-out><![CDATA[
Scenario: Menu Items                           # src/test/resources/com/features/LoginPage.feature:12
browser = chrome
  Given user is on login page                  # stepdefinitions.LoginPageSteps.user_is_on_login_page(io.cucumber.java.Scenario)
      io.cucumber.core.exception.CucumberException: Step [user is on login page] is defined with 1 parameters at 'stepdefinitions.LoginPageSteps.user_is_on_login_page(io.cucumber.java.Scenario)'.
However, the gherkin step has 0 arguments.
Step text: user is on login page
	at io.cucumber.core.runner.PickleStepDefinitionMatch.arityMismatch(PickleStepDefinitionMatch.java:83)
	at io.cucumber.core.runner.PickleStepDefinitionMatch.runStep(PickleStepDefinitionMatch.java:42)
	at io.cucumber.core.runner.ExecutionMode$1.execute(ExecutionMode.java:10)
	at io.cucumber.core.runner.TestStep.executeStep(TestStep.java:92)
	at io.cucumber.core.runner.TestStep.run(TestStep.java:64)
	at io.cucumber.core.runner.PickleStepTestStep.run(PickleStepTestStep.java:51)
	at io.cucumber.core.runner.TestCase.run(TestCase.java:104)
	at io.cucumber.core.runner.Runner.runPickle(Runner.java:71)
	at io.cucumber.junit.PickleRunners$NoStepDescriptions.run(PickleRunners.java:151)
	at io.cucumber.junit.FeatureRunner.runChild(FeatureRunner.java:135)
	at io.cucumber.junit.FeatureRunner.runChild(FeatureRunner.java:27)
	at org.junit.runners.ParentRunner$4.run(ParentRunner.java:331)
	at org.junit.runners.ParentRunner$1.schedule(ParentRunner.java:79)
	at org.junit.runners.ParentRunner.runChildren(ParentRunner.java:329)
	at org.junit.runners.ParentRunner.access$100(ParentRunner.java:66)
	at org.junit.runners.ParentRunner$2.evaluate(ParentRunner.java:293)
	at org.junit.runners.ParentRunner$3.evaluate(ParentRunner.java:306)
	at org.junit.runners.ParentRunner.run(ParentRunner.java:413)
	at io.cucumber.junit.Cucumber.runChild(Cucumber.java:199)
	at io.cucumber.junit.Cucumber.runChild(Cucumber.java:90)
	at org.junit.runners.ParentRunner$4.run(ParentRunner.java:331)
	at org.apache.maven.surefire.junitcore.pc.Scheduler$1.run(Scheduler.java:410)
	at java.base/java.util.concurrent.Executors$RunnableAdapter.call(Executors.java:515)
	at java.base/java.util.concurrent.FutureTask.run(FutureTask.java:264)
	at java.base/java.util.concurrent.ThreadPoolExecutor.runWorker(ThreadPoolExecutor.java:1128)
	at java.base/java.util.concurrent.ThreadPoolExecutor$Worker.run(ThreadPoolExecutor.java:628)
	at java.base/java.lang.Thread.run(Thread.java:835)

  Then Top Menu should be displayed with items # stepdefinitions.LoginPageSteps.top_menu_should_be_displayed_with_items()

    Embedding Menu_Items [image/png 8503 bytes]

]]></system-out>
    <system-err><![CDATA[Starting ChromeDriver 87.0.4280.88 (89e2380a3e36c3464b5dd1302349b1382549290d-refs/branch-heads/4280@{#1761}) on port 42765
Only local connections are allowed.
Please see https://chromedriver.chromium.org/security-considerations for suggestions on keeping ChromeDriver safe.
ChromeDriver was started successfully.
Dec 21, 2020 8:06:01 PM org.openqa.selenium.remote.ProtocolHandshake createSession
INFO: Detected dialect: W3C
]]></system-err>
  </testcase>
  <testcase name="Logins into application" classname="Login Page Feature" time="2.48">
    <error message="Step [user is on login page] is defined with 1 parameters at &apos;stepdefinitions.LoginPageSteps.user_is_on_login_page(io.cucumber.java.Scenario)&apos;.&#10;However, the gherkin step has 0 arguments.&#10;Step text: user is on login page" type="io.cucumber.core.exception.CucumberException">io.cucumber.core.exception.CucumberException: 
Step [user is on login page] is defined with 1 parameters at 'stepdefinitions.LoginPageSteps.user_is_on_login_page(io.cucumber.java.Scenario)'.
However, the gherkin step has 0 arguments.
Step text: user is on login page
</error>
    <system-out><![CDATA[
Scenario: Logins into application                       # src/test/resources/com/features/LoginPage.feature:16
browser = chrome
  Given user is on login page                           # stepdefinitions.LoginPageSteps.user_is_on_login_page(io.cucumber.java.Scenario)
      io.cucumber.core.exception.CucumberException: Step [user is on login page] is defined with 1 parameters at 'stepdefinitions.LoginPageSteps.user_is_on_login_page(io.cucumber.java.Scenario)'.
However, the gherkin step has 0 arguments.
Step text: user is on login page
	at io.cucumber.core.runner.PickleStepDefinitionMatch.arityMismatch(PickleStepDefinitionMatch.java:83)
	at io.cucumber.core.runner.PickleStepDefinitionMatch.runStep(PickleStepDefinitionMatch.java:42)
	at io.cucumber.core.runner.ExecutionMode$1.execute(ExecutionMode.java:10)
	at io.cucumber.core.runner.TestStep.executeStep(TestStep.java:92)
	at io.cucumber.core.runner.TestStep.run(TestStep.java:64)
	at io.cucumber.core.runner.PickleStepTestStep.run(PickleStepTestStep.java:51)
	at io.cucumber.core.runner.TestCase.run(TestCase.java:104)
	at io.cucumber.core.runner.Runner.runPickle(Runner.java:71)
	at io.cucumber.junit.PickleRunners$NoStepDescriptions.run(PickleRunners.java:151)
	at io.cucumber.junit.FeatureRunner.runChild(FeatureRunner.java:135)
	at io.cucumber.junit.FeatureRunner.runChild(FeatureRunner.java:27)
	at org.junit.runners.ParentRunner$4.run(ParentRunner.java:331)
	at org.junit.runners.ParentRunner$1.schedule(ParentRunner.java:79)
	at org.junit.runners.ParentRunner.runChildren(ParentRunner.java:329)
	at org.junit.runners.ParentRunner.access$100(ParentRunner.java:66)
	at org.junit.runners.ParentRunner$2.evaluate(ParentRunner.java:293)
	at org.junit.runners.ParentRunner$3.evaluate(ParentRunner.java:306)
	at org.junit.runners.ParentRunner.run(ParentRunner.java:413)
	at io.cucumber.junit.Cucumber.runChild(Cucumber.java:199)
	at io.cucumber.junit.Cucumber.runChild(Cucumber.java:90)
	at org.junit.runners.ParentRunner$4.run(ParentRunner.java:331)
	at org.apache.maven.surefire.junitcore.pc.Scheduler$1.run(Scheduler.java:410)
	at java.base/java.util.concurrent.Executors$RunnableAdapter.call(Executors.java:515)
	at java.base/java.util.concurrent.FutureTask.run(FutureTask.java:264)
	at java.base/java.util.concurrent.ThreadPoolExecutor.runWorker(ThreadPoolExecutor.java:1128)
	at java.base/java.util.concurrent.ThreadPoolExecutor$Worker.run(ThreadPoolExecutor.java:628)
	at java.base/java.lang.Thread.run(Thread.java:835)

  When user enters username "shashi.virajaji@gmail.com" # stepdefinitions.LoginPageSteps.user_enters_username(java.lang.String)
  And user enters password "shashi12"                   # stepdefinitions.LoginPageSteps.user_enters_password(java.lang.String)
  And Click on Login button                             # stepdefinitions.LoginPageSteps.click_on_login_button()

    Embedding Logins_into_application [image/png 8503 bytes]

]]></system-out>
    <system-err><![CDATA[Starting ChromeDriver 87.0.4280.88 (89e2380a3e36c3464b5dd1302349b1382549290d-refs/branch-heads/4280@{#1761}) on port 30359
Only local connections are allowed.
Please see https://chromedriver.chromium.org/security-considerations for suggestions on keeping ChromeDriver safe.
ChromeDriver was started successfully.
Dec 21, 2020 8:06:03 PM org.openqa.selenium.remote.ProtocolHandshake createSession
INFO: Detected dialect: W3C
]]></system-err>
  </testcase>
</testsuite>