<?xml version="1.0" encoding="UTF-8" ?>
<testsuite tests="6" failures="0" name="parallel.RunCucumberTest" time="126.674" errors="0" skipped="0">
  <properties>
[...]
</properties>
  <testcase classname="parallel.RunCucumberTest" name="runScenario" time="17.263"/>
  <testcase classname="parallel.RunCucumberTest" name="runScenario" time="17.813"/>
  <testcase classname="parallel.RunCucumberTest" name="runScenario" time="18.218"/>
  <testcase classname="parallel.RunCucumberTest" name="runScenario" time="23.513"/>
  <testcase classname="parallel.RunCucumberTest" name="runScenario" time="24.581"/>
  <testcase classname="parallel.RunCucumberTest" name="runScenario" time="25.286"/>
</testsuite>