<?xml version="1.0" encoding="UTF-8"?>
<testsuite xmlns:xsi="http://www.w3.org/2001/XMLSchema-instance" xsi:noNamespaceSchemaLocation="https://maven.apache.org/surefire/maven-surefire-plugin/xsd/surefire-test-report.xsd" name="Welcome page feature" time="29.357" tests="2" errors="0" skipped="0" failures="0">
  <properties>
[...]
</properties>
  <testcase name="Check user is on welcome page" classname="Welcome page feature" time="15.684"/>
  <testcase name="Welcome text" classname="Welcome page feature" time="13.671"/>
</testsuite>