<?xml version="1.0" encoding="UTF-8"?>
<testng-results ignored="0" total="6" passed="6" failed="0" skipped="0">
  <reporter-output>
  </reporter-output>
  <suite started-at="2020-12-27T11:41:26Z" name="Default suite" finished-at="2020-12-27T11:43:06Z" duration-ms="99675">
    <groups>
      <group name="cucumber">
        <method signature="AbstractTestNGCucumberTests.runScenario(io.cucumber.testng.PickleWrapper, io.cucumber.testng.FeatureWrapper)[pri:0, instance:parallel.RunCucumberTest@794cb805]" name="runScenario" class="io.cucumber.testng.AbstractTestNGCucumberTests"/>
      </group> <!-- cucumber -->
    </groups>
    <test started-at="2020-12-27T11:41:26Z" name="Default test" finished-at="2020-12-27T11:43:06Z" duration-ms="99675">
      <class name="parallel.RunCucumberTest">
        <test-method is-config="true" signature="setUpClass()[pri:0, instance:parallel.RunCucumberTest@794cb805]" started-at="2020-12-27T11:41:26Z" name="setUpClass" finished-at="2020-12-27T11:41:26Z" duration-ms="468" status="PASS">
          <reporter-output>
          </reporter-output>
        </test-method> <!-- setUpClass -->
        <test-method signature="runScenario(io.cucumber.testng.PickleWrapper, io.cucumber.testng.FeatureWrapper)[pri:0, instance:parallel.RunCucumberTest@794cb805]" started-at="2020-12-27T11:41:26Z" name="runScenario" description="Runs Cucumber Scenarios" data-provider="scenarios" finished-at="2020-12-27T11:42:06Z" duration-ms="39680" status="PASS">
          <params>
            <param index="0">
              <value>
                <![CDATA["Login page title"]]>
              </value>
            </param>
            <param index="1">
              <value>
                <![CDATA["Optional[Login Page Feature]"]]>
              </value>
            </param>
          </params>
          <reporter-output>
          </reporter-output>
        </test-method> <!-- runScenario -->
        <test-method signature="runScenario(io.cucumber.testng.PickleWrapper, io.cucumber.testng.FeatureWrapper)[pri:0, instance:parallel.RunCucumberTest@794cb805]" started-at="2020-12-27T11:41:26Z" name="runScenario" description="Runs Cucumber Scenarios" data-provider="scenarios" finished-at="2020-12-27T11:42:16Z" duration-ms="50032" status="PASS">
          <params>
            <param index="0">
              <value>
                <![CDATA["Welcome text"]]>
              </value>
            </param>
            <param index="1">
              <value>
                <![CDATA["Optional[Welcome page feature]"]]>
              </value>
            </param>
          </params>
          <reporter-output>
          </reporter-output>
        </test-method> <!-- runScenario -->
        <test-method signature="runScenario(io.cucumber.testng.PickleWrapper, io.cucumber.testng.FeatureWrapper)[pri:0, instance:parallel.RunCucumberTest@794cb805]" started-at="2020-12-27T11:41:26Z" name="runScenario" description="Runs Cucumber Scenarios" data-provider="scenarios" finished-at="2020-12-27T11:42:02Z" duration-ms="35601" status="PASS">
          <params>
            <param index="0">
              <value>
                <![CDATA["Shop Logo"]]>
              </value>
            </param>
            <param index="1">
              <value>
                <![CDATA["Optional[Login Page Feature]"]]>
              </value>
            </param>
          </params>
          <reporter-output>
          </reporter-output>
        </test-method> <!-- runScenario -->
        <test-method signature="runScenario(io.cucumber.testng.PickleWrapper, io.cucumber.testng.FeatureWrapper)[pri:0, instance:parallel.RunCucumberTest@794cb805]" started-at="2020-12-27T11:41:26Z" name="runScenario" description="Runs Cucumber Scenarios" data-provider="scenarios" finished-at="2020-12-27T11:42:16Z" duration-ms="49787" status="PASS">
          <params>
            <param index="0">
              <value>
                <![CDATA["Check user is on welcome page"]]>
              </value>
            </param>
            <param index="1">
              <value>
                <![CDATA["Optional[Welcome page feature]"]]>
              </value>
            </param>
          </params>
          <reporter-output>
          </reporter-output>
        </test-method> <!-- runScenario -->
        <test-method signature="runScenario(io.cucumber.testng.PickleWrapper, io.cucumber.testng.FeatureWrapper)[pri:0, instance:parallel.RunCucumberTest@794cb805]" started-at="2020-12-27T11:41:26Z" name="runScenario" description="Runs Cucumber Scenarios" data-provider="scenarios" finished-at="2020-12-27T11:42:16Z" duration-ms="50105" status="PASS">
          <params>
            <param index="0">
              <value>
                <![CDATA["Menu Items"]]>
              </value>
            </param>
            <param index="1">
              <value>
                <![CDATA["Optional[Login Page Feature]"]]>
              </value>
            </param>
          </params>
          <reporter-output>
          </reporter-output>
        </test-method> <!-- runScenario -->
        <test-method signature="runScenario(io.cucumber.testng.PickleWrapper, io.cucumber.testng.FeatureWrapper)[pri:0, instance:parallel.RunCucumberTest@794cb805]" started-at="2020-12-27T11:41:26Z" name="runScenario" description="Runs Cucumber Scenarios" data-provider="scenarios" finished-at="2020-12-27T11:43:01Z" duration-ms="94494" status="PASS">
          <params>
            <param index="0">
              <value>
                <![CDATA["Logins into application"]]>
              </value>
            </param>
            <param index="1">
              <value>
                <![CDATA["Optional[Login Page Feature]"]]>
              </value>
            </param>
          </params>
          <reporter-output>
          </reporter-output>
        </test-method> <!-- runScenario -->
        <test-method is-config="true" signature="tearDownClass()[pri:0, instance:parallel.RunCucumberTest@794cb805]" started-at="2020-12-27T11:43:01Z" name="tearDownClass" finished-at="2020-12-27T11:43:06Z" duration-ms="4686" status="PASS">
          <reporter-output>
          </reporter-output>
        </test-method> <!-- tearDownClass -->
      </class> <!-- parallel.RunCucumberTest -->
    </test> <!-- Default test -->
  </suite> <!-- Default suite -->
</testng-results>
